acom $DSN/src/difexp.vhd $DSN/src/alusumamantisa.vhd $DSN/src/mux10bits.vhd $DSN/src/mux5bits.vhd $DSN/src/alusumaexp.vhd $DSN/src/corrimiento.vhd $DSN/src/practica2.bde $DSN/src/mux10bitsb.vhd $DSN/src/mux5bitsb.vhd
# Compile...
# File: Z:\Practica_2\practica2\src\difExp.vhd
# Compile Entity "difExp"
# Entity `difExp' has been skipped - no difference detected.
# Compile Architecture "difExp" of Entity "difExp"
# File: Z:\Practica_2\practica2\src\aluSumaMantisa.vhd
# Compile Entity "alusumamantisa"
# Entity `alusumamantisa' has been skipped - no difference detected.
# Compile Architecture "alusumamantisa" of Entity "alusumamantisa"
# File: Z:\Practica_2\practica2\src\Mux10bits.vhd
# Compile Entity "Mux10bits"
# Entity `Mux10bits' has been skipped - no difference detected.
# Compile Architecture "Mux10bits" of Entity "Mux10bits"
# File: Z:\Practica_2\practica2\src\Mux5bits.vhd
# Compile Entity "mux5bits"
# Entity `mux5bits' has been skipped - no difference detected.
# Compile Architecture "mux5bits" of Entity "mux5bits"
# File: Z:\Practica_2\practica2\src\aluSumaExp.vhd
# Compile Entity "aluSumaExp"
# Entity `aluSumaExp' has been skipped - no difference detected.
# Compile Architecture "aluSumaExp" of Entity "aluSumaExp"
# File: Z:\Practica_2\practica2\src\corrimiento.vhd
# Compile Entity "ComponenteNormalizacion"
# Entity `ComponenteNormalizacion' has been skipped - no difference detected.
# Compile Architecture "ComponenteNormalizacion" of Entity "ComponenteNormalizacion"
# File: .\practica2.vhd
# Compile Entity "practica2"
# Entity `practica2' has been skipped - no difference detected.
# Compile Architecture "practica2" of Entity "practica2"
# File: Z:\Practica_2\practica2\src\mux10bitsB.vhd
# Compile Entity "mux10bitsB"
# Entity `mux10bitsB' has been skipped - no difference detected.
# Compile Architecture "mux10bitsB" of Entity "mux10bitsB"
# File: Z:\Practica_2\practica2\src\mux5bitsB.vhd
# Compile Entity "mux5bitsB"
# Entity `mux5bitsB' has been skipped - no difference detected.
# Compile Architecture "mux5bitsB" of Entity "mux5bitsB"
# Compile success 0 Errors 0 Warnings  Analysis time :  0.5 [s]
asim -advdataflow  -retry 3  practica2 practica2
# ELBREAD: Elaboration process.
# ELBREAD: Elaboration time 0.1 [s].
# asim: Stack memory: 32MB
# asim: Retval memory: 32MB
# KERNEL: Main thread initiated.
# KERNEL: Kernel process initialization phase.
# KERNEL: Time resolution set to 1ps.
# ELAB2: Elaboration final pass...
# ELAB2: Create instances ...
# ELAB2: Create instances complete.
# ELAB2: Elaboration final pass complete - time: 0.0 [s].
# KERNEL: Kernel process initialization done.
# Allocation: Simulator allocated 1140 kB (elbread=1071 elab2=41 kernel=28 sdf=0)
# 22:20, domingo, 06 de noviembre de 2022
# Simulation has been initialized
# Selected Top-Level: practica2 (practica2)
# Signal A_B not found in design
# Signal B_A not found in design
restart
# ELBREAD: Elaboration process.
# ELBREAD: Elaboration time 0.0 [s].
# KERNEL: Main thread initiated.
# KERNEL: Kernel process initialization phase.
# KERNEL: Time resolution set to 1ps.
# ELAB2: Elaboration final pass...
# ELAB2: Create instances ...
# ELAB2: Create instances complete.
# ELAB2: Elaboration final pass complete - time: 0.0 [s].
# KERNEL: Kernel process initialization done.
# Allocation: Simulator allocated 1140 kB (elbread=1071 elab2=41 kernel=28 sdf=0)
# 22:20, domingo, 06 de noviembre de 2022
# Simulation has been initialized
# Selected Top-Level: practica2 (practica2)
# Signal A_B not found in design
# Signal B_A not found in design
run 100 ns
# : WARNING: There is an 'U'|'X'|'W'|'Z'|'-' in an arithmetic operand, the result will be 'X'(es).
# : Time: 0 ps,  Iteration: 0,  Instance: /U1.
# : WARNING: There is an 'U'|'X'|'W'|'Z'|'-' in an arithmetic operand, the result will be 'X'(es).
# : Time: 0 ps,  Iteration: 0,  Instance: /U6.
# : WARNING: There is an 'U'|'X'|'W'|'Z'|'-' in an arithmetic operand, the result will be 'X'(es).
# : Time: 0 ps,  Iteration: 1,  Instance: /U6.
# : WARNING: There is an 'U'|'X'|'W'|'Z'|'-' in an arithmetic operand, the result will be 'X'(es).
# : Time: 0 ps,  Iteration: 1,  Instance: /U1.
# : WARNING: There is an 'U'|'X'|'W'|'Z'|'-' in an arithmetic operand, the result will be 'X'(es).
# : Time: 0 ps,  Iteration: 2,  Instance: /U1.
# : WARNING: There is an 'U'|'X'|'W'|'Z'|'-' in an arithmetic operand, the result will be 'X'(es).
# : Time: 0 ps,  Iteration: 2,  Instance: /U6.
# : WARNING: There is an 'U'|'X'|'W'|'Z'|'-' in an arithmetic operand, the result will be 'X'(es).
# : Time: 0 ps,  Iteration: 3,  Instance: /U1.
# : WARNING: There is an 'U'|'X'|'W'|'Z'|'-' in an arithmetic operand, the result will be 'X'(es).
# : Time: 0 ps,  Iteration: 3,  Instance: /U6.
# KERNEL: stopped at time: 100 ns
# KERNEL: Simulation has finished. There are no more test vectors to simulate.
run 100 ns
# KERNEL: stopped at time: 200 ns
# KERNEL: Simulation has finished. There are no more test vectors to simulate.
run 100 ns
# KERNEL: stopped at time: 300 ns
# KERNEL: Simulation has finished. There are no more test vectors to simulate.
run 100 ns
# KERNEL: stopped at time: 400 ns
# KERNEL: Simulation has finished. There are no more test vectors to simulate.
# Simulation has been stopped
