Active-HDL 13.0.375.8320 2022-10-25 08:43:29

Elaboration top modules:
Architecture                  SumaPuntoFlotante(SumaPuntoFlotante)


-------------------------------------------------------------------------------------------------------------------
Entity            | Architecture      | Library           | Info | Compiler Version          | Compilation Options
-------------------------------------------------------------------------------------------------------------------
SumaPuntoFlotante | SumaPuntoFlotante | sumaPuntoFlotante |      | 13.0.375.8320 (Windows64) | -O3
Entrada32b        | Entrada32b        | sumaPuntoFlotante |      | 13.0.375.8320 (Windows64) | -O3
-------------------------------------------------------------------------------------------------------------------

-------------------------------------------------------------------------------------------------------------------
VHDL Package                          | Library           | Info | Compiler Version          | Compilation Options
-------------------------------------------------------------------------------------------------------------------
standard                              | std               |      |                           | <unavailable>
TEXTIO                                | std               |      | 13.0.375.8320 (Windows64) |  -2019
std_logic_1164                        | ieee              |      | 13.0.375.8320 (Windows64) |  -2008
-------------------------------------------------------------------------------------------------------------------

-------------------------------------------------------------------------------------------------------------------
Library                               | Comment
-------------------------------------------------------------------------------------------------------------------
ieee                                  | Standard IEEE packages library
std                                   | Standard VHDL library
sumaPuntoFlotante                     | None
-------------------------------------------------------------------------------------------------------------------


Simulation Options: asim -O5 +access +r +m+SumaPuntoFlotante SumaPuntoFlotante SumaPuntoFlotante

